<?xml version="1.0" encoding="utf-8"?><testsuites name="pytest tests"><testsuite name="pytest" errors="0" failures="0" skipped="0" tests="18" time="3.004" timestamp="2026-03-15T22:14:32.589829+00:00" hostname="agent-env-8c06d775-e1fc-4087-b940-30e2a52ddd6a"><testcase classname="backend.tests.test_scheduler_publisher.TestHealthAndBasic" name="test_health_endpoint" time="0.207" /><testcase classname="backend.tests.test_scheduler_publisher.TestSchedulerStatus" name="test_scheduler_status_public" time="0.117" /><testcase classname="backend.tests.test_scheduler_publisher.TestRSSFeedCategories" name="test_feed_entertainment_category" time="0.142" /><testcase classname="backend.tests.test_scheduler_publisher.TestRSSFeedCategories" name="test_feed_lifestyle_category" time="0.142" /><testcase classname="backend.tests.test_scheduler_publisher.TestRefreshTrending" name="test_refresh_trending_triggers_background" time="0.142" /><testcase classname="backend.tests.test_scheduler_publisher.TestAdminLogin" name="test_admin_login_success" time="0.285" /><testcase classname="backend.tests.test_scheduler_publisher.TestAdminLogin" name="test_admin_login_invalid_credentials" time="0.184" /><testcase classname="backend.tests.test_scheduler_publisher.TestAdminScheduler" name="test_admin_scheduler_status" time="0.247" /><testcase classname="backend.tests.test_scheduler_publisher.TestAdminScheduler" name="test_admin_scheduler_without_auth" time="0.104" /><testcase classname="backend.tests.test_scheduler_publisher.TestAdminPublisher" name="test_admin_published_cards" time="0.240" /><testcase classname="backend.tests.test_scheduler_publisher.TestAdminPublisher" name="test_admin_publish_now" time="0.225" /><testcase classname="backend.tests.test_scheduler_publisher.TestAdminPublisher" name="test_admin_published_without_auth" time="0.110" /><testcase classname="backend.tests.test_scheduler_publisher.TestAdminPublisher" name="test_admin_publish_now_without_auth" time="0.128" /><testcase classname="backend.tests.test_scheduler_publisher.TestTopicCardData" name="test_entertainment_topic_has_required_fields" time="0.117" /><testcase classname="backend.tests.test_scheduler_publisher.TestTopicCardData" name="test_lifestyle_topic_has_required_fields" time="0.125" /><testcase classname="backend.tests.test_scheduler_publisher.TestAllFeedCategories" name="test_feed_all_category" time="0.123" /><testcase classname="backend.tests.test_scheduler_publisher.TestAllFeedCategories" name="test_feed_finance_category" time="0.115" /><testcase classname="backend.tests.test_scheduler_publisher.TestAllFeedCategories" name="test_feed_technology_category" time="0.133" /></testsuite></testsuites>