<?xml version="1.0" encoding="utf-8"?><testsuites name="pytest tests"><testsuite name="pytest" errors="0" failures="0" skipped="0" tests="43" time="39.163" timestamp="2026-03-15T23:16:40.526314+00:00" hostname="agent-env-8c06d775-e1fc-4087-b940-30e2a52ddd6a"><testcase classname="backend.tests.test_refactor_iteration6.TestSystemEndpoints" name="test_root_endpoint" time="0.210" /><testcase classname="backend.tests.test_refactor_iteration6.TestSystemEndpoints" name="test_health_returns_healthy" time="0.143" /><testcase classname="backend.tests.test_refactor_iteration6.TestSystemEndpoints" name="test_scheduler_status" time="0.122" /><testcase classname="backend.tests.test_refactor_iteration6.TestSecurityHeaders" name="test_security_headers_on_health" time="0.121" /><testcase classname="backend.tests.test_refactor_iteration6.TestSecurityHeaders" name="test_request_id_header" time="0.133" /><testcase classname="backend.tests.test_refactor_iteration6.TestSecurityHeaders" name="test_security_headers_on_feed" time="0.122" /><testcase classname="backend.tests.test_refactor_iteration6.TestAuthEndpoints" name="test_register_new_user" time="0.347" /><testcase classname="backend.tests.test_refactor_iteration6.TestAuthEndpoints" name="test_register_duplicate_email_fails" time="0.460" /><testcase classname="backend.tests.test_refactor_iteration6.TestAuthEndpoints" name="test_login_success" time="0.357" /><testcase classname="backend.tests.test_refactor_iteration6.TestAuthEndpoints" name="test_login_invalid_credentials" time="0.120" /><testcase classname="backend.tests.test_refactor_iteration6.TestAuthEndpoints" name="test_get_me_requires_auth" time="0.227" /><testcase classname="backend.tests.test_refactor_iteration6.TestAuthEndpoints" name="test_get_me_returns_user" time="0.117" /><testcase classname="backend.tests.test_refactor_iteration6.TestAuthEndpoints" name="test_onboarding_requires_auth" time="0.134" /><testcase classname="backend.tests.test_refactor_iteration6.TestAuthEndpoints" name="test_onboarding_saves_preferences" time="0.177" /><testcase classname="backend.tests.test_refactor_iteration6.TestAuthEndpoints" name="test_forgot_password" time="0.457" /><testcase classname="backend.tests.test_refactor_iteration6.TestFeedEndpoints" name="test_feed_returns_topics" time="0.126" /><testcase classname="backend.tests.test_refactor_iteration6.TestFeedEndpoints" name="test_feed_with_category_filter" time="0.118" /><testcase classname="backend.tests.test_refactor_iteration6.TestFeedEndpoints" name="test_feed_with_limit" time="0.121" /><testcase classname="backend.tests.test_refactor_iteration6.TestFeedEndpoints" name="test_personalized_feed_requires_auth" time="0.110" /><testcase classname="backend.tests.test_refactor_iteration6.TestFeedEndpoints" name="test_personalized_feed_returns_topics" time="0.505" /><testcase classname="backend.tests.test_refactor_iteration6.TestExplanationEndpoints" name="test_get_explanation_for_topic" time="13.136" /><testcase classname="backend.tests.test_refactor_iteration6.TestExplanationEndpoints" name="test_explain_user_input" time="10.891" /><testcase classname="backend.tests.test_refactor_iteration6.TestExplanationEndpoints" name="test_explain_empty_input_fails" time="0.162" /><testcase classname="backend.tests.test_refactor_iteration6.TestSaveEndpoints" name="test_save_topic_requires_auth" time="0.121" /><testcase classname="backend.tests.test_refactor_iteration6.TestSaveEndpoints" name="test_save_and_unsave_topic" time="0.693" /><testcase classname="backend.tests.test_refactor_iteration6.TestSaveEndpoints" name="test_get_saved_requires_auth" time="0.113" /><testcase classname="backend.tests.test_refactor_iteration6.TestSaveEndpoints" name="test_get_saved_returns_list" time="0.523" /><testcase classname="backend.tests.test_refactor_iteration6.TestAdminEndpoints" name="test_admin_login_success" time="0.129" /><testcase classname="backend.tests.test_refactor_iteration6.TestAdminEndpoints" name="test_admin_login_invalid_credentials" time="0.124" /><testcase classname="backend.tests.test_refactor_iteration6.TestAdminEndpoints" name="test_admin_stats" time="0.237" /><testcase classname="backend.tests.test_refactor_iteration6.TestAdminEndpoints" name="test_admin_users_list" time="0.249" /><testcase classname="backend.tests.test_refactor_iteration6.TestAdminEndpoints" name="test_admin_prompts_list" time="0.277" /><testcase classname="backend.tests.test_refactor_iteration6.TestAdminEndpoints" name="test_admin_topics_list" time="0.213" /><testcase classname="backend.tests.test_refactor_iteration6.TestAdminEndpoints" name="test_admin_scheduler_status" time="0.257" /><testcase classname="backend.tests.test_refactor_iteration6.TestAdminEndpoints" name="test_admin_published_cards" time="0.233" /><testcase classname="backend.tests.test_refactor_iteration6.TestAdminEndpoints" name="test_admin_endpoints_require_admin_auth" time="0.483" /><testcase classname="backend.tests.test_refactor_iteration6.TestSubscriptionEndpoints" name="test_subscription_info_requires_auth" time="0.118" /><testcase classname="backend.tests.test_refactor_iteration6.TestSubscriptionEndpoints" name="test_subscription_info_returns_status" time="0.445" /><testcase classname="backend.tests.test_refactor_iteration6.TestSubscriptionEndpoints" name="test_subscription_checkout_requires_auth" time="0.127" /><testcase classname="backend.tests.test_refactor_iteration6.TestSubscriptionEndpoints" name="test_subscription_checkout_creates_session" time="0.933" /><testcase classname="backend.tests.test_refactor_iteration6.TestRateLimiting" name="test_auth_rate_limit_enforced" time="1.891" /><testcase classname="backend.tests.test_refactor_iteration6.TestTrendingAndOtherEndpoints" name="test_trending_returns_topics" time="0.186" /><testcase classname="backend.tests.test_refactor_iteration6.TestTrendingAndOtherEndpoints" name="test_render_card_endpoint" time="3.272" /></testsuite></testsuites>