<?xml version="1.0" encoding="utf-8"?><testsuites name="pytest tests"><testsuite name="pytest" errors="0" failures="0" skipped="0" tests="22" time="7.058" timestamp="2026-03-16T07:44:36.780765+00:00" hostname="agent-env-8c06d775-e1fc-4087-b940-30e2a52ddd6a"><testcase classname="tests.test_security_features_iteration7.TestSecurityHeaders" name="test_security_headers_on_api_endpoint" time="0.154" /><testcase classname="tests.test_security_features_iteration7.TestSecurityHeaders" name="test_cache_control_no_store_for_api" time="0.103" /><testcase classname="tests.test_security_features_iteration7.TestSecurityHeaders" name="test_x_request_id_present" time="0.103" /><testcase classname="tests.test_security_features_iteration7.TestHealthEndpoint" name="test_health_has_environment" time="0.103" /><testcase classname="tests.test_security_features_iteration7.TestRefreshTokenFlow" name="test_register_returns_both_tokens" time="0.344" /><testcase classname="tests.test_security_features_iteration7.TestRefreshTokenFlow" name="test_login_returns_both_tokens" time="0.665" /><testcase classname="tests.test_security_features_iteration7.TestRefreshTokenFlow" name="test_refresh_token_rotation" time="0.531" /><testcase classname="tests.test_security_features_iteration7.TestRefreshTokenFlow" name="test_refresh_invalid_token" time="0.102" /><testcase classname="tests.test_security_features_iteration7.TestAuditLogging" name="test_login_failed_logs_audit_event" time="0.795" /><testcase classname="tests.test_security_features_iteration7.TestAuditLogging" name="test_audit_log_filter_by_event" time="0.215" /><testcase classname="tests.test_security_features_iteration7.TestAuditLogging" name="test_audit_log_structure" time="0.224" /><testcase classname="tests.test_security_features_iteration7.TestAPIUsageTracking" name="test_api_usage_endpoint_exists" time="0.217" /><testcase classname="tests.test_security_features_iteration7.TestAPIUsageTracking" name="test_api_usage_requires_admin" time="0.104" /><testcase classname="tests.test_security_features_iteration7.TestRateLimiting" name="test_auth_rate_limit_headers_present" time="0.530" /><testcase classname="tests.test_security_features_iteration7.TestRateLimiting" name="test_rate_limit_returns_429_when_exceeded" time="1.504" /><testcase classname="tests.test_security_features_iteration7.TestExistingAuthFlows" name="test_register_still_works" time="0.331" /><testcase classname="tests.test_security_features_iteration7.TestExistingAuthFlows" name="test_login_with_wrong_password_returns_401" time="0.099" /><testcase classname="tests.test_security_features_iteration7.TestExistingAuthFlows" name="test_me_endpoint_with_valid_token" time="0.434" /><testcase classname="tests.test_security_features_iteration7.TestAdminLogin" name="test_admin_login_success" time="0.096" /><testcase classname="tests.test_security_features_iteration7.TestAdminLogin" name="test_admin_login_wrong_password" time="0.101" /><testcase classname="tests.test_security_features_iteration7.TestFeedEndpoints" name="test_feed_returns_topics" time="0.106" /><testcase classname="tests.test_security_features_iteration7.TestFeedEndpoints" name="test_feed_category_filter" time="0.106" /></testsuite></testsuites>