<?xml version="1.0" encoding="utf-8"?><testsuites name="pytest tests"><testsuite name="pytest" errors="0" failures="1" skipped="0" tests="15" time="4.346" timestamp="2026-03-16T08:01:26.051260+00:00" hostname="agent-env-8c06d775-e1fc-4087-b940-30e2a52ddd6a"><testcase classname="tests.test_iteration8_features.TestForgotPasswordEmailService" name="test_forgot_password_returns_email_sent_field" time="0.506" /><testcase classname="tests.test_iteration8_features.TestForgotPasswordEmailService" name="test_forgot_password_unknown_email" time="0.168" /><testcase classname="tests.test_iteration8_features.TestForgotPasswordEmailService" name="test_forgot_password_creates_reset_token_in_db" time="0.718" /><testcase classname="tests.test_iteration8_features.TestResetPasswordFlow" name="test_reset_password_invalid_token" time="0.101" /><testcase classname="tests.test_iteration8_features.TestResetPasswordFlow" name="test_reset_password_short_password" time="0.138" /><testcase classname="tests.test_iteration8_features.TestPersonalizedFeed" name="test_personalized_feed_requires_auth" time="0.136" /><testcase classname="tests.test_iteration8_features.TestPersonalizedFeed" name="test_personalized_feed_with_auth" time="0.599" /><testcase classname="tests.test_iteration8_features.TestPersonalizedFeed" name="test_regular_feed_still_works" time="0.121" /><testcase classname="tests.test_iteration8_features.TestPersonalizedFeed" name="test_regular_feed_category_filter" time="0.103" /><testcase classname="tests.test_iteration8_features.TestExistingAuthFlows" name="test_login_with_valid_credentials" time="0.338" /><testcase classname="tests.test_iteration8_features.TestExistingAuthFlows" name="test_login_with_invalid_credentials" time="0.327" /><testcase classname="tests.test_iteration8_features.TestExistingAuthFlows" name="test_admin_login" time="0.102" /><testcase classname="tests.test_iteration8_features.TestExistingAuthFlows" name="test_register_new_user" time="0.368" /><testcase classname="tests.test_iteration8_features.TestExistingAuthFlows" name="test_get_me_with_auth" time="0.434" /><testcase classname="tests.test_iteration8_features.TestEmailServiceIntegration" name="test_email_service_configured" time="0.103"><failure message="AssertionError: assert 'email_sent' in {'message': 'If an account exists, a reset link has been sent.'}">tests/test_iteration8_features.py:270: in test_email_service_configured
    assert "email_sent" in data
E   AssertionError: assert 'email_sent' in {'message': 'If an account exists, a reset link has been sent.'}</failure></testcase></testsuite></testsuites>