<?xml version="1.0" encoding="utf-8"?><testsuites name="pytest tests"><testsuite name="pytest" errors="0" failures="0" skipped="0" tests="16" time="3.638" timestamp="2026-03-15T23:01:41.030835+00:00" hostname="agent-env-8c06d775-e1fc-4087-b940-30e2a52ddd6a"><testcase classname="backend.tests.test_pwa_personalized_feed.TestPWAFeatures" name="test_manifest_json_returns_200" time="0.156" /><testcase classname="backend.tests.test_pwa_personalized_feed.TestPWAFeatures" name="test_manifest_json_valid_structure" time="0.110" /><testcase classname="backend.tests.test_pwa_personalized_feed.TestPWAFeatures" name="test_service_worker_returns_200" time="0.168" /><testcase classname="backend.tests.test_pwa_personalized_feed.TestPWAFeatures" name="test_service_worker_valid_content" time="0.112" /><testcase classname="backend.tests.test_pwa_personalized_feed.TestIndexHTMLMetaTags" name="test_index_html_has_manifest_link" time="0.133" /><testcase classname="backend.tests.test_pwa_personalized_feed.TestIndexHTMLMetaTags" name="test_index_html_has_apple_meta_tags" time="0.139" /><testcase classname="backend.tests.test_pwa_personalized_feed.TestIndexHTMLMetaTags" name="test_index_html_has_theme_color" time="0.105" /><testcase classname="backend.tests.test_pwa_personalized_feed.TestPersonalizedFeed" name="test_personalized_feed_requires_auth" time="0.123" /><testcase classname="backend.tests.test_pwa_personalized_feed.TestPersonalizedFeed" name="test_personalized_feed_returns_topics" time="0.541" /><testcase classname="backend.tests.test_pwa_personalized_feed.TestPersonalizedFeed" name="test_personalized_feed_includes_preferences_used" time="0.498" /><testcase classname="backend.tests.test_pwa_personalized_feed.TestPersonalizedFeed" name="test_personalized_feed_boosts_relevant_topics" time="0.463" /><testcase classname="backend.tests.test_pwa_personalized_feed.TestPersonalizedFeed" name="test_personalized_topics_have_personalized_flag" time="0.471" /><testcase classname="backend.tests.test_pwa_personalized_feed.TestRegularFeedStillWorks" name="test_feed_all_returns_topics" time="0.123" /><testcase classname="backend.tests.test_pwa_personalized_feed.TestRegularFeedStillWorks" name="test_feed_category_filter_works" time="0.121" /><testcase classname="backend.tests.test_pwa_personalized_feed.TestRegularFeedStillWorks" name="test_feed_category_technology" time="0.127" /><testcase classname="backend.tests.test_pwa_personalized_feed.TestRegularFeedStillWorks" name="test_feed_limit_parameter" time="0.110" /></testsuite></testsuites>