<?xml version="1.0" encoding="utf-8"?><testsuites name="pytest tests"><testsuite name="pytest" errors="0" failures="0" skipped="0" tests="24" time="5.201" timestamp="2026-03-16T14:30:08.473016+00:00" hostname="agent-env-8c06d775-e1fc-4087-b940-30e2a52ddd6a"><testcase classname="backend.tests.test_reactions_swipe_bookmark.TestHealthCheck" name="test_backend_healthy" time="0.269" /><testcase classname="backend.tests.test_reactions_swipe_bookmark.TestReactEndpoint" name="test_react_fire_emoji_toggle_on" time="0.694" /><testcase classname="backend.tests.test_reactions_swipe_bookmark.TestReactEndpoint" name="test_react_shocked_emoji" time="0.138" /><testcase classname="backend.tests.test_reactions_swipe_bookmark.TestReactEndpoint" name="test_react_mindblown_emoji" time="0.122" /><testcase classname="backend.tests.test_reactions_swipe_bookmark.TestReactEndpoint" name="test_react_angry_emoji" time="0.135" /><testcase classname="backend.tests.test_reactions_swipe_bookmark.TestReactEndpoint" name="test_react_toggle_untoggle" time="0.286" /><testcase classname="backend.tests.test_reactions_swipe_bookmark.TestReactEndpoint" name="test_react_invalid_emoji_rejected" time="0.121" /><testcase classname="backend.tests.test_reactions_swipe_bookmark.TestReactEndpoint" name="test_react_nonexistent_topic" time="0.121" /><testcase classname="backend.tests.test_reactions_swipe_bookmark.TestReactEndpoint" name="test_react_requires_auth" time="0.155" /><testcase classname="backend.tests.test_reactions_swipe_bookmark.TestGetMyReactionsEndpoint" name="test_get_my_reactions_single_topic" time="0.113" /><testcase classname="backend.tests.test_reactions_swipe_bookmark.TestGetMyReactionsEndpoint" name="test_get_my_reactions_multiple_topics" time="0.225" /><testcase classname="backend.tests.test_reactions_swipe_bookmark.TestGetMyReactionsEndpoint" name="test_get_my_reactions_empty_ids" time="0.137" /><testcase classname="backend.tests.test_reactions_swipe_bookmark.TestGetMyReactionsEndpoint" name="test_get_my_reactions_requires_auth" time="0.102" /><testcase classname="backend.tests.test_reactions_swipe_bookmark.TestDismissEndpoint" name="test_dismiss_topic" time="0.127" /><testcase classname="backend.tests.test_reactions_swipe_bookmark.TestDismissEndpoint" name="test_dismiss_topic_idempotent" time="0.250" /><testcase classname="backend.tests.test_reactions_swipe_bookmark.TestDismissEndpoint" name="test_dismiss_requires_auth" time="0.103" /><testcase classname="backend.tests.test_reactions_swipe_bookmark.TestSaveEndpoint" name="test_save_topic_toggle" time="0.165" /><testcase classname="backend.tests.test_reactions_swipe_bookmark.TestSaveEndpoint" name="test_save_toggle_untoggle" time="0.230" /><testcase classname="backend.tests.test_reactions_swipe_bookmark.TestSaveEndpoint" name="test_save_nonexistent_topic" time="0.110" /><testcase classname="backend.tests.test_reactions_swipe_bookmark.TestSaveEndpoint" name="test_save_requires_auth" time="0.113" /><testcase classname="backend.tests.test_reactions_swipe_bookmark.TestGetSavedEndpoint" name="test_get_saved_returns_list" time="0.119" /><testcase classname="backend.tests.test_reactions_swipe_bookmark.TestGetSavedEndpoint" name="test_get_saved_requires_auth" time="0.106" /><testcase classname="backend.tests.test_reactions_swipe_bookmark.TestReactionsIntegration" name="test_react_updates_topic_reactions_count" time="0.385" /><testcase classname="backend.tests.test_reactions_swipe_bookmark.TestReactionsIntegration" name="test_multiple_emoji_reactions_on_same_topic" time="0.787" /></testsuite></testsuites>